<?xml version="1.0" encoding="UTF-8"?>
<testng-results ignored="0" total="3" passed="3" failed="0" skipped="0">
  <reporter-output>
  </reporter-output>
  <suite started-at="2025-08-20T17:22:47 IST" name="Default suite" finished-at="2025-08-20T17:23:37 IST" duration-ms="49792">
    <groups>
    </groups>
    <test started-at="2025-08-20T17:22:47 IST" name="Default test" finished-at="2025-08-20T17:23:37 IST" duration-ms="49792">
      <class name="pack.TC0014">
        <test-method is-config="true" signature="beforeMethod()[pri:0, instance:pack.TC0014@75db5df9]" started-at="2025-08-20T17:22:49 IST" name="beforeMethod" finished-at="2025-08-20T17:22:56 IST" duration-ms="7141" status="PASS">
          <reporter-output>
          </reporter-output>
        </test-method> <!-- beforeMethod -->
        <test-method signature="f(java.lang.String,java.lang.String)[pri:0, instance:pack.TC0014@75db5df9]" started-at="2025-08-20T17:22:56 IST" name="f" data-provider="dp" finished-at="2025-08-20T17:23:07 IST" duration-ms="10867" status="PASS">
          <params>
            <param index="0">
              <value>
                <![CDATA[Admin]]>
              </value>
            </param>
            <param index="1">
              <value>
                <![CDATA[admin123]]>
              </value>
            </param>
          </params>
          <reporter-output>
          </reporter-output>
        </test-method> <!-- f -->
        <test-method is-config="true" signature="afterMethod()[pri:0, instance:pack.TC0014@75db5df9]" started-at="2025-08-20T17:23:07 IST" name="afterMethod" finished-at="2025-08-20T17:23:08 IST" duration-ms="651" status="PASS">
          <reporter-output>
          </reporter-output>
        </test-method> <!-- afterMethod -->
        <test-method is-config="true" signature="beforeMethod()[pri:0, instance:pack.TC0014@75db5df9]" started-at="2025-08-20T17:23:08 IST" name="beforeMethod" finished-at="2025-08-20T17:23:12 IST" duration-ms="4267" status="PASS">
          <reporter-output>
          </reporter-output>
        </test-method> <!-- beforeMethod -->
        <test-method signature="f(java.lang.String,java.lang.String)[pri:0, instance:pack.TC0014@75db5df9]" started-at="2025-08-20T17:23:12 IST" name="f" data-provider="dp" finished-at="2025-08-20T17:23:21 IST" duration-ms="8930" status="PASS">
          <params>
            <param index="0">
              <value>
                <![CDATA[hema]]>
              </value>
            </param>
            <param index="1">
              <value>
                <![CDATA[welcome]]>
              </value>
            </param>
          </params>
          <reporter-output>
          </reporter-output>
        </test-method> <!-- f -->
        <test-method is-config="true" signature="afterMethod()[pri:0, instance:pack.TC0014@75db5df9]" started-at="2025-08-20T17:23:21 IST" name="afterMethod" finished-at="2025-08-20T17:23:22 IST" duration-ms="706" status="PASS">
          <reporter-output>
          </reporter-output>
        </test-method> <!-- afterMethod -->
        <test-method is-config="true" signature="beforeMethod()[pri:0, instance:pack.TC0014@75db5df9]" started-at="2025-08-20T17:23:22 IST" name="beforeMethod" finished-at="2025-08-20T17:23:27 IST" duration-ms="5714" status="PASS">
          <reporter-output>
          </reporter-output>
        </test-method> <!-- beforeMethod -->
        <test-method signature="f(java.lang.String,java.lang.String)[pri:0, instance:pack.TC0014@75db5df9]" started-at="2025-08-20T17:23:27 IST" name="f" data-provider="dp" finished-at="2025-08-20T17:23:36 IST" duration-ms="8827" status="PASS">
          <params>
            <param index="0">
              <value>
                <![CDATA[geeta]]>
              </value>
            </param>
            <param index="1">
              <value>
                <![CDATA[apple]]>
              </value>
            </param>
          </params>
          <reporter-output>
          </reporter-output>
        </test-method> <!-- f -->
        <test-method is-config="true" signature="afterMethod()[pri:0, instance:pack.TC0014@75db5df9]" started-at="2025-08-20T17:23:36 IST" name="afterMethod" finished-at="2025-08-20T17:23:37 IST" duration-ms="461" status="PASS">
          <reporter-output>
          </reporter-output>
        </test-method> <!-- afterMethod -->
      </class> <!-- pack.TC0014 -->
    </test> <!-- Default test -->
  </suite> <!-- Default suite -->
</testng-results>
