<?xml version="1.0" encoding="UTF-8"?>
<!-- Generated by org.testng.reporters.JUnitXMLReporter -->
<testsuite ignored="0" hostname="Abhishek_reddy" failures="1" tests="1" name="Test" time="0.106" errors="0" timestamp="2025-08-19T19:56:39 IST">
  <testcase classname="pack.Lab8_1" name="f" time="0.03">
    <failure type="org.testng.internal.reflect.MethodMatcherException" message="
[public void pack.Lab8_1.f(java.lang.String)] has no parameters defined but was found to be using a data provider (either explicitly specified or inherited from class level annotation).
Data provider mismatch
Method: f([java.lang.String arg0])
Arguments: [(java.lang.Integer) 1,(java.lang.String) a]">
      <![CDATA[org.testng.internal.reflect.MethodMatcherException: 
[public void pack.Lab8_1.f(java.lang.String)] has no parameters defined but was found to be using a data provider (either explicitly specified or inherited from class level annotation).
Data provider mismatch
Method: f([java.lang.String arg0])
Arguments: [(java.lang.Integer) 1,(java.lang.String) a]
at java.base/java.util.ArrayList.forEach(ArrayList.java:1597)
... Removed 22 stack frames]]>
    </failure>
  </testcase> <!-- f -->
</testsuite> <!-- Test -->
